2024-11-28 23:25:52,758 - httpx - INFO - HTTP Request: POST http://auth_service:8001/auth/verify-token "HTTP/1.1 200 OK"
2024-11-28 23:25:52,759 - routes - INFO - Fetching user stats for user 1
2024-11-28 23:25:52,790 - httpx - INFO - HTTP Request: GET http://db_service:8000/users/?user_id=1 "HTTP/1.1 200 OK"
2024-11-28 23:25:52,820 - httpx - INFO - HTTP Request: GET http://db_service:8000/history/games/?user_id=1 "HTTP/1.1 200 OK"
2024-11-28 23:25:52,821 - routes - INFO - User stats fetched for user 1
2024-11-28 23:25:53,090 - httpx - INFO - HTTP Request: POST http://auth_service:8001/auth/verify-token "HTTP/1.1 401 Unauthorized"
2024-11-28 23:25:53,373 - httpx - INFO - HTTP Request: POST http://auth_service:8001/auth/verify-token "HTTP/1.1 200 OK"
2024-11-28 23:25:53,373 - routes - INFO - Fetching game history for user 1
2024-11-28 23:25:53,406 - httpx - INFO - HTTP Request: GET http://db_service:8000/history/games/?user_id=1 "HTTP/1.1 200 OK"
2024-11-28 23:25:53,406 - routes - INFO - Game history fetched for user 1
2024-11-28 23:25:53,675 - httpx - INFO - HTTP Request: POST http://auth_service:8001/auth/verify-token "HTTP/1.1 200 OK"
2024-11-28 23:25:53,676 - routes - INFO - Fetching game history for user 1
2024-11-28 23:25:53,703 - httpx - INFO - HTTP Request: GET http://db_service:8000/history/games/?user_id=1 "HTTP/1.1 200 OK"
2024-11-28 23:25:53,704 - routes - INFO - Game history fetched for user 1
2024-11-28 23:25:53,978 - httpx - INFO - HTTP Request: POST http://auth_service:8001/auth/verify-token "HTTP/1.1 200 OK"
2024-11-28 23:25:53,979 - routes - INFO - Fetching transaction history for user 1
2024-11-28 23:25:54,006 - httpx - INFO - HTTP Request: GET http://db_service:8000/history/transactions/?user_id=1 "HTTP/1.1 200 OK"
2024-11-28 23:25:54,007 - routes - INFO - Transaction history fetched for user 1
2024-11-28 23:25:54,281 - httpx - INFO - HTTP Request: POST http://auth_service:8001/auth/verify-token "HTTP/1.1 200 OK"
2024-11-28 23:25:54,282 - routes - INFO - Fetching transaction history for user 1
2024-11-28 23:25:54,309 - httpx - INFO - HTTP Request: GET http://db_service:8000/history/transactions/?user_id=1 "HTTP/1.1 200 OK"
2024-11-28 23:25:54,310 - routes - INFO - Transaction history fetched for user 1
2024-11-28 23:26:19,782 - httpx - INFO - HTTP Request: POST http://auth_service:8001/auth/verify-token "HTTP/1.1 200 OK"
2024-11-28 23:26:19,783 - routes - INFO - Fetching user stats for user 1
2024-11-28 23:26:19,814 - httpx - INFO - HTTP Request: GET http://db_service:8000/users/?user_id=1 "HTTP/1.1 200 OK"
2024-11-28 23:26:19,846 - httpx - INFO - HTTP Request: GET http://db_service:8000/history/games/?user_id=1 "HTTP/1.1 200 OK"
2024-11-28 23:26:19,847 - routes - INFO - User stats fetched for user 1
2024-11-28 23:26:35,719 - httpx - INFO - HTTP Request: POST http://auth_service:8001/auth/verify-token "HTTP/1.1 200 OK"
2024-11-28 23:26:35,720 - routes - INFO - Fetching game history for user 1
2024-11-28 23:26:35,749 - httpx - INFO - HTTP Request: GET http://db_service:8000/history/games/?user_id=1 "HTTP/1.1 200 OK"
2024-11-28 23:26:35,750 - routes - INFO - Game history fetched for user 1
2024-11-28 23:26:47,154 - httpx - INFO - HTTP Request: POST http://auth_service:8001/auth/verify-token "HTTP/1.1 200 OK"
2024-11-28 23:26:47,155 - routes - INFO - Fetching transaction history for user 1
2024-11-28 23:26:47,182 - httpx - INFO - HTTP Request: GET http://db_service:8000/history/transactions/?user_id=1 "HTTP/1.1 200 OK"
2024-11-28 23:26:47,183 - routes - INFO - Transaction history fetched for user 1
2024-11-28 23:54:58,247 - httpx - INFO - HTTP Request: POST http://auth_service:8001/auth/verify-token "HTTP/1.1 200 OK"
2024-11-28 23:54:58,249 - routes - INFO - Fetching user stats for user 9
2024-11-28 23:54:58,282 - httpx - INFO - HTTP Request: GET http://db_service:8000/users/?user_id=9 "HTTP/1.1 200 OK"
2024-11-28 23:54:58,317 - httpx - INFO - HTTP Request: GET http://db_service:8000/history/games/?user_id=9 "HTTP/1.1 200 OK"
2024-11-28 23:54:58,317 - routes - INFO - User stats fetched for user 9
2024-11-28 23:55:09,056 - httpx - INFO - HTTP Request: POST http://auth_service:8001/auth/verify-token "HTTP/1.1 200 OK"
2024-11-28 23:55:09,057 - routes - INFO - Fetching game history for user 9
2024-11-28 23:55:09,085 - httpx - INFO - HTTP Request: GET http://db_service:8000/history/games/?user_id=9 "HTTP/1.1 200 OK"
2024-11-28 23:55:09,086 - routes - INFO - Game history fetched for user 9
2024-11-28 23:55:19,306 - httpx - INFO - HTTP Request: POST http://auth_service:8001/auth/verify-token "HTTP/1.1 200 OK"
2024-11-28 23:55:19,307 - routes - INFO - Fetching transaction history for user 9
2024-11-28 23:55:19,345 - httpx - INFO - HTTP Request: GET http://db_service:8000/history/transactions/?user_id=9 "HTTP/1.1 200 OK"
2024-11-28 23:55:19,346 - routes - INFO - Transaction history fetched for user 9
2024-11-28 23:56:01,212 - httpx - INFO - HTTP Request: POST http://auth_service:8001/auth/verify-token "HTTP/1.1 200 OK"
2024-11-28 23:56:01,213 - routes - INFO - Fetching user stats for user 1
2024-11-28 23:56:01,248 - httpx - INFO - HTTP Request: GET http://db_service:8000/users/?user_id=1 "HTTP/1.1 200 OK"
2024-11-28 23:56:01,276 - httpx - INFO - HTTP Request: GET http://db_service:8000/history/games/?user_id=1 "HTTP/1.1 200 OK"
2024-11-28 23:56:01,277 - routes - INFO - User stats fetched for user 1
2024-11-28 23:56:01,556 - httpx - INFO - HTTP Request: POST http://auth_service:8001/auth/verify-token "HTTP/1.1 401 Unauthorized"
2024-11-28 23:56:01,837 - httpx - INFO - HTTP Request: POST http://auth_service:8001/auth/verify-token "HTTP/1.1 200 OK"
2024-11-28 23:56:01,838 - routes - INFO - Fetching game history for user 1
2024-11-28 23:56:01,865 - httpx - INFO - HTTP Request: GET http://db_service:8000/history/games/?user_id=1 "HTTP/1.1 200 OK"
2024-11-28 23:56:01,866 - routes - INFO - Game history fetched for user 1
2024-11-28 23:56:02,135 - httpx - INFO - HTTP Request: POST http://auth_service:8001/auth/verify-token "HTTP/1.1 200 OK"
2024-11-28 23:56:02,136 - routes - INFO - Fetching game history for user 1
2024-11-28 23:56:02,172 - httpx - INFO - HTTP Request: GET http://db_service:8000/history/games/?user_id=1 "HTTP/1.1 200 OK"
2024-11-28 23:56:02,173 - routes - INFO - Game history fetched for user 1
2024-11-28 23:56:02,447 - httpx - INFO - HTTP Request: POST http://auth_service:8001/auth/verify-token "HTTP/1.1 200 OK"
2024-11-28 23:56:02,448 - routes - INFO - Fetching transaction history for user 1
2024-11-28 23:56:02,474 - httpx - INFO - HTTP Request: GET http://db_service:8000/history/transactions/?user_id=1 "HTTP/1.1 200 OK"
2024-11-28 23:56:02,475 - routes - INFO - Transaction history fetched for user 1
2024-11-28 23:56:02,749 - httpx - INFO - HTTP Request: POST http://auth_service:8001/auth/verify-token "HTTP/1.1 200 OK"
2024-11-28 23:56:02,750 - routes - INFO - Fetching transaction history for user 1
2024-11-28 23:56:02,777 - httpx - INFO - HTTP Request: GET http://db_service:8000/history/transactions/?user_id=1 "HTTP/1.1 200 OK"
2024-11-28 23:56:02,778 - routes - INFO - Transaction history fetched for user 1
2024-12-03 18:04:22,385 - httpx - INFO - HTTP Request: POST http://auth_service:8001/auth/verify-token "HTTP/1.1 200 OK"
2024-12-03 18:04:22,387 - routes - INFO - Fetching user stats for user 10
2024-12-03 18:04:22,436 - httpx - INFO - HTTP Request: GET http://db_service:8000/users/?user_id=10 "HTTP/1.1 200 OK"
2024-12-03 18:04:22,481 - httpx - INFO - HTTP Request: GET http://db_service:8000/history/games/?user_id=10 "HTTP/1.1 200 OK"
2024-12-03 18:04:22,484 - routes - INFO - User stats fetched for user 10
2024-12-03 18:04:39,487 - httpx - INFO - HTTP Request: POST http://auth_service:8001/auth/verify-token "HTTP/1.1 200 OK"
2024-12-03 18:04:39,489 - routes - INFO - Fetching game history for user 10
2024-12-03 18:04:39,526 - httpx - INFO - HTTP Request: GET http://db_service:8000/history/games/?user_id=10 "HTTP/1.1 200 OK"
2024-12-03 18:04:39,527 - routes - INFO - Game history fetched for user 10
